e:\לימודים מכללה\סמסטר ב\מתמ\פרוייקטים\consoleapplication7\consoleapplication7\debug\vc140.pdb
e:\לימודים מכללה\סמסטר ב\מתמ\פרוייקטים\consoleapplication7\consoleapplication7\debug\vc140.idb
e:\לימודים מכללה\סמסטר ב\מתמ\פרוייקטים\consoleapplication7\consoleapplication7\debug\source.obj
e:\לימודים מכללה\סמסטר ב\מתמ\פרוייקטים\consoleapplication7\consoleapplication7\debug\source.obj.enc
e:\לימודים מכללה\סמסטר ב\מתמ\פרוייקטים\consoleapplication7\debug\consoleapplication7.pdb
e:\לימודים מכללה\סמסטר ב\מתמ\פרוייקטים\consoleapplication7\consoleapplication7\debug\consolea.232edd1b.tlog\cl.command.1.tlog
e:\לימודים מכללה\סמסטר ב\מתמ\פרוייקטים\consoleapplication7\consoleapplication7\debug\consolea.232edd1b.tlog\cl.read.1.tlog
e:\לימודים מכללה\סמסטר ב\מתמ\פרוייקטים\consoleapplication7\consoleapplication7\debug\consolea.232edd1b.tlog\cl.write.1.tlog
e:\לימודים מכללה\סמסטר ב\מתמ\פרוייקטים\consoleapplication7\consoleapplication7\debug\consolea.232edd1b.tlog\link-cvtres.read.1.tlog
e:\לימודים מכללה\סמסטר ב\מתמ\פרוייקטים\consoleapplication7\consoleapplication7\debug\consolea.232edd1b.tlog\link-cvtres.write.1.tlog
e:\לימודים מכללה\סמסטר ב\מתמ\פרוייקטים\consoleapplication7\consoleapplication7\debug\consolea.232edd1b.tlog\link-rc.read.1.tlog
e:\לימודים מכללה\סמסטר ב\מתמ\פרוייקטים\consoleapplication7\consoleapplication7\debug\consolea.232edd1b.tlog\link-rc.write.1.tlog
e:\לימודים מכללה\סמסטר ב\מתמ\פרוייקטים\consoleapplication7\consoleapplication7\debug\consolea.232edd1b.tlog\link.12336-cvtres.read.1.tlog
e:\לימודים מכללה\סמסטר ב\מתמ\פרוייקטים\consoleapplication7\consoleapplication7\debug\consolea.232edd1b.tlog\link.12336-cvtres.write.1.tlog
e:\לימודים מכללה\סמסטר ב\מתמ\פרוייקטים\consoleapplication7\consoleapplication7\debug\consolea.232edd1b.tlog\link.12336-rc.read.1.tlog
e:\לימודים מכללה\סמסטר ב\מתמ\פרוייקטים\consoleapplication7\consoleapplication7\debug\consolea.232edd1b.tlog\link.12336-rc.write.1.tlog
e:\לימודים מכללה\סמסטר ב\מתמ\פרוייקטים\consoleapplication7\consoleapplication7\debug\consolea.232edd1b.tlog\link.12336.read.1.tlog
e:\לימודים מכללה\סמסטר ב\מתמ\פרוייקטים\consoleapplication7\consoleapplication7\debug\consolea.232edd1b.tlog\link.12336.write.1.tlog
e:\לימודים מכללה\סמסטר ב\מתמ\פרוייקטים\consoleapplication7\consoleapplication7\debug\consolea.232edd1b.tlog\link.command.1.tlog
e:\לימודים מכללה\סמסטר ב\מתמ\פרוייקטים\consoleapplication7\consoleapplication7\debug\consolea.232edd1b.tlog\link.read.1.tlog
e:\לימודים מכללה\סמסטר ב\מתמ\פרוייקטים\consoleapplication7\consoleapplication7\debug\consolea.232edd1b.tlog\link.write.1.tlog
